[15:41:30] [ServerMain/INFO]: Environment: authHost='https://authserver.mojang.com', accountsHost='https://api.mojang.com', sessionHost='https://sessionserver.mojang.com', servicesHost='https://api.minecraftservices.com', name='PROD'
[15:41:31] [ServerMain/INFO]: Reloading ResourceManager: Default, bukkit
[15:41:31] [Worker-Main-1/INFO]: Loaded 7 recipes
[15:41:33] [Server thread/INFO]: Starting minecraft server version 1.18
[15:41:33] [Server thread/INFO]: Loading properties
[15:41:33] [Server thread/INFO]: This server is running Pufferfish version git-Pufferfish-7 (MC: 1.18) (Implementing API version 1.18-R0.1-SNAPSHOT) (Git: 2513866 on HEAD)
[15:41:33] [Server thread/INFO]: Server Ping Player Sample Count: 12
[15:41:33] [Server thread/INFO]: Using 4 threads for Netty based IO
[15:41:33] [Server thread/WARN]: [Pufferfish] To improve performance, timings have been disabled by default
[15:41:33] [Server thread/WARN]: [Pufferfish] You can still use timings by using /timings on, but they will not start on server startup unless you set timings.really-enabled to true in paper.yml
[15:41:33] [Server thread/WARN]: [Pufferfish] If you would like to disable this message, either set timings.really-enabled to true or timings.enabled to false.
[15:41:33] [Server thread/INFO]: Default game type: SURVIVAL
[15:41:33] [Server thread/INFO]: Generating keypair
[15:41:33] [Server thread/INFO]: Starting Minecraft server on 0.0.0.0:25565
[15:41:33] [Server thread/INFO]: Using epoll channel type
[15:41:33] [Server thread/INFO]: Paper: Using libdeflate (Linux x86_64) compression from Velocity.
[15:41:33] [Server thread/INFO]: Paper: Using OpenSSL 1.1.x (Linux x86_64) cipher from Velocity.
[15:41:34] [Server thread/ERROR]: [STDERR] [org.bukkit.craftbukkit.v1_18_R1.legacy.CraftLegacy] Initializing Legacy Material Support. Unless you have legacy plugins and/or data this is a bug!
[15:41:39] [Server thread/WARN]: Legacy plugin DragonMOTD v1.0 does not specify an api-version.
[15:41:39] [Server thread/INFO]: [spark] Loading spark v1.6.4
[15:41:39] [Server thread/INFO]: [NerfPhantoms] Loading NerfPhantoms v1.3.0
[15:41:39] [Server thread/INFO]: [DragonMOTD] Loading DragonMOTD v1.0
[15:41:39] [Server thread/INFO]: Server permissions file permissions.yml is empty, ignoring it
[15:41:39] [Server thread/INFO]: Preparing level "world"
[15:41:40] [Server thread/INFO]: Preparing start region for dimension minecraft:overworld
[15:41:40] [Server thread/INFO]: Time elapsed: 293 ms
[15:41:40] [Server thread/INFO]: Preparing start region for dimension minecraft:the_nether
[15:41:40] [Server thread/INFO]: Time elapsed: 91 ms
[15:41:40] [Server thread/INFO]: Preparing start region for dimension minecraft:the_end
[15:41:40] [Server thread/INFO]: Time elapsed: 97 ms
[15:41:40] [Server thread/INFO]: [spark] Enabling spark v1.6.4
[15:41:41] [Server thread/INFO]: [spark] Using Paper ServerTickStartEvent for tick monitoring
[15:41:41] [Server thread/INFO]: [NerfPhantoms] Enabling NerfPhantoms v1.3.0
[15:41:41] [Server thread/INFO]: [DragonMOTD] Enabling DragonMOTD v1.0*
[15:41:41] [Server thread/INFO]: Running delayed init tasks
[15:41:41] [Server thread/INFO]: Done (8.361s)! For help, type "help"
[15:41:41] [Server thread/INFO]: Timings Reset
[23:25:46] [User Authenticator #1/INFO]: UUID of player niaori is ec179df2-a6e4-43f1-85ae-197ad4b70e6c
[23:25:46] [Server thread/INFO]: niaori joined the game
[23:25:46] [Server thread/INFO]: niaori[/79.69.237.208:52126] logged in with entity id 186 at ([world]-57226.10934548715, 96.0, 63408.73763318248)
[23:54:15] [Server thread/INFO]: niaori lost connection: Disconnected
[23:54:15] [Server thread/INFO]: niaori left the game
