[11:23:49] [User Authenticator #2/INFO]: UUID of player Slyix is 1ed94e94-7ffa-4c77-b054-c5ea58fbf7ae
[11:23:49] [Server thread/INFO]: Slyix joined the game
[11:23:49] [Server thread/INFO]: Slyix[/94.14.124.8:63355] logged in with entity id 7869 at ([world]-57223.98951940106, 97.0, 63405.282269513926)
[11:39:15] [User Authenticator #3/INFO]: UUID of player lokifangirl is 6fade4ea-57e4-40cf-8ded-f6e6cfe67522
[11:39:15] [Server thread/INFO]: lokifangirl joined the game
[11:39:15] [Server thread/INFO]: lokifangirl[/88.88.30.243:61786] logged in with entity id 14803 at ([world]-57222.26887701466, 96.0, 63398.646298250336)
[11:53:24] [Server thread/INFO]: lokifangirl lost connection: Disconnected
[11:53:24] [Server thread/INFO]: lokifangirl left the game
[11:53:25] [User Authenticator #4/INFO]: UUID of player lokifangirl is 6fade4ea-57e4-40cf-8ded-f6e6cfe67522
[11:53:25] [Server thread/INFO]: lokifangirl joined the game
[11:53:26] [Server thread/INFO]: lokifangirl[/88.88.30.243:61887] logged in with entity id 27969 at ([world]-57287.30000001192, 61.0, 63224.63175660806)
[11:53:46] [Server thread/INFO]: lokifangirl lost connection: Disconnected
[11:53:46] [Server thread/INFO]: lokifangirl left the game
[12:21:14] [Server thread/INFO]: Slyix lost connection: Disconnected
[12:21:14] [Server thread/INFO]: Slyix left the game
[12:21:15] [User Authenticator #5/INFO]: UUID of player Slyix is 1ed94e94-7ffa-4c77-b054-c5ea58fbf7ae
[12:21:15] [Server thread/INFO]: Slyix joined the game
[12:21:15] [Server thread/INFO]: Slyix[/94.14.124.8:60525] logged in with entity id 31214 at ([world]-57145.73384799827, 97.0, 63388.33216409159)
[12:21:35] [Server thread/INFO]: Slyix lost connection: Disconnected
[12:21:35] [Server thread/INFO]: Slyix left the game
[12:21:36] [User Authenticator #5/INFO]: UUID of player Slyix is 1ed94e94-7ffa-4c77-b054-c5ea58fbf7ae
[12:21:36] [Server thread/INFO]: Slyix joined the game
[12:21:36] [Server thread/INFO]: Slyix[/94.14.124.8:60546] logged in with entity id 31306 at ([world]-57145.73384799827, 97.0, 63388.33216409159)
[12:36:19] [Server thread/INFO]: Slyix lost connection: Disconnected
[12:36:19] [Server thread/INFO]: Slyix left the game
[12:40:40] [User Authenticator #6/INFO]: UUID of player Slyix is 1ed94e94-7ffa-4c77-b054-c5ea58fbf7ae
[12:40:40] [Server thread/INFO]: Slyix joined the game
[12:40:40] [Server thread/INFO]: Slyix[/94.14.124.8:61429] logged in with entity id 32694 at ([world]-57222.48406256806, 99.0, 63401.6109610825)
[12:45:46] [Server thread/INFO]: Slyix lost connection: Disconnected
[12:45:46] [Server thread/INFO]: Slyix left the game
[12:45:47] [User Authenticator #7/INFO]: UUID of player Slyix is 1ed94e94-7ffa-4c77-b054-c5ea58fbf7ae
[12:45:47] [Server thread/INFO]: Slyix joined the game
[12:45:47] [Server thread/INFO]: Slyix[/94.14.124.8:61531] logged in with entity id 33266 at ([world]-57222.48406256806, 99.0, 63401.6109610825)
[13:12:27] [User Authenticator #8/INFO]: UUID of player Slyix is 1ed94e94-7ffa-4c77-b054-c5ea58fbf7ae
[13:12:27] [Server thread/INFO]: Slyix lost connection: You logged in from another location
[13:12:27] [Server thread/INFO]: Slyix left the game
[13:12:27] [Server thread/INFO]: Slyix joined the game
[13:12:27] [Server thread/INFO]: Slyix[/94.14.124.8:58320] logged in with entity id 35257 at ([world]-57222.48406256806, 99.0, 63401.6109610825)
[13:30:06] [User Authenticator #9/INFO]: UUID of player niaori is ec179df2-a6e4-43f1-85ae-197ad4b70e6c
[13:30:06] [Server thread/INFO]: niaori joined the game
[13:30:06] [Server thread/INFO]: niaori[/79.69.237.208:53631] logged in with entity id 36548 at ([world]-57226.3159386807, 96.0, 63409.042785047954)
[13:31:39] [Async Chat Thread - #0/INFO]: <Slyix> oh hello
[13:31:43] [Async Chat Thread - #0/INFO]: <Slyix> how long have u been here
[13:31:53] [Async Chat Thread - #0/INFO]: <niaori> just got here
[13:31:58] [Async Chat Thread - #0/INFO]: <Slyix> oh fair
[13:32:03] [Async Chat Thread - #0/INFO]: <Slyix> I was just fixing the mc launcher
[13:32:18] [Async Chat Thread - #0/INFO]: <niaori> whats wrong with it
[13:32:23] [Async Chat Thread - #0/INFO]: <Slyix> wouldnt install
[13:32:30] [Async Chat Thread - #0/INFO]: <Slyix> still no clue as to why
[13:32:39] [Async Chat Thread - #0/INFO]: <niaori> oh thats strange
[13:32:41] [Async Chat Thread - #0/INFO]: <Slyix> so I downloaded a previous version and it worked
[13:32:56] [Async Chat Thread - #0/INFO]: <Slyix> and I downloaded the one from the microsoft store but couldnt open it
[13:33:17] [Async Chat Thread - #0/INFO]: <niaori> fair enough
[13:33:25] [Async Chat Thread - #0/INFO]: <Slyix> call?
[13:33:32] [Async Chat Thread - #0/INFO]: <niaori> sure
[13:46:33] [Server thread/WARN]: niaori moved wrongly!
[14:40:50] [User Authenticator #10/INFO]: UUID of player Slohth is 61a17967-0f69-458b-b723-b991229df329
[14:40:50] [Server thread/INFO]: Slohth joined the game
[14:40:50] [Server thread/INFO]: Slohth[/79.73.208.107:64697] logged in with entity id 47524 at ([world]-57247.02086497934, 121.0, 63430.99898517644)
[15:22:15] [Async Chat Thread - #1/INFO]: <niaori> eat it on the go
[15:22:24] [Async Chat Thread - #1/INFO]: <niaori> LOL
[15:22:38] [Async Chat Thread - #1/INFO]: <niaori> anime girl with toast running to school moment
[15:25:00] [Async Chat Thread - #2/INFO]: <niaori> ofc
[15:25:22] [Async Chat Thread - #2/INFO]: <niaori> youll be finee
[15:40:35] [Server thread/INFO]: Slyix lost connection: Disconnected
[15:40:35] [Server thread/INFO]: Slyix left the game
[15:52:38] [User Authenticator #11/INFO]: UUID of player Slyix is 1ed94e94-7ffa-4c77-b054-c5ea58fbf7ae
[15:52:38] [Server thread/INFO]: Slyix joined the game
[15:52:38] [Server thread/INFO]: Slyix[/94.14.124.8:59703] logged in with entity id 62163 at ([world]-57222.744780958245, 96.0, 63399.02977265695)
[16:09:33] [Server thread/INFO]: Slyix lost connection: Disconnected
[16:09:33] [Server thread/INFO]: Slyix left the game
[16:50:55] [Server thread/INFO]: Slohth lost connection: Disconnected
[16:50:55] [Server thread/INFO]: Slohth left the game
[16:52:01] [User Authenticator #12/INFO]: UUID of player Slohth is 61a17967-0f69-458b-b723-b991229df329
[16:52:01] [Server thread/INFO]: Slohth joined the game
[16:52:01] [Server thread/INFO]: Slohth[/79.73.208.107:62817] logged in with entity id 72765 at ([world]-57220.65436319749, 104.0, 63434.81041590623)
[16:52:05] [Server thread/INFO]: Slohth lost connection: Disconnected
[16:52:05] [Server thread/INFO]: Slohth left the game
[17:02:12] [Server thread/INFO]: com.mojang.authlib.GameProfile@7fdbd2dc[id=<null>,name=Slohth,properties={},legacy=false] (/79.73.208.107:51394) lost connection: Disconnected
[17:02:14] [User Authenticator #13/INFO]: UUID of player Slohth is 61a17967-0f69-458b-b723-b991229df329
[17:02:15] [Server thread/INFO]: Slohth joined the game
[17:02:15] [Server thread/INFO]: Slohth[/79.73.208.107:51395] logged in with entity id 74136 at ([world]-57220.65436319749, 104.0, 63434.81041590623)
[17:03:25] [User Authenticator #14/INFO]: UUID of player dombogo is 141a2dd1-b4e7-4b77-b071-210590b49a45
[17:03:25] [Server thread/INFO]: dombogo joined the game
[17:03:25] [Server thread/INFO]: dombogo[/86.134.148.200:56711] logged in with entity id 74339 at ([world]-5948.935663211735, 67.0, -975.7567056956017)
[17:27:28] [Async Chat Thread - #3/INFO]: <dombogo> :>
[17:27:32] [Async Chat Thread - #3/INFO]: <Slohth> :<
[17:27:33] [Server thread/INFO]: dombogo has made the advancement [Fishy Business]
[17:30:18] [Server thread/INFO]: dombogo lost connection: Disconnected
[17:30:18] [Server thread/INFO]: dombogo left the game
[17:30:27] [User Authenticator #15/INFO]: UUID of player dombogo is 141a2dd1-b4e7-4b77-b071-210590b49a45
[17:30:27] [Server thread/INFO]: dombogo joined the game
[17:30:27] [Server thread/INFO]: dombogo[/86.134.148.200:52689] logged in with entity id 81774 at ([world]-5971.308250457876, 60.286865309507775, -998.0050182318272)
[17:36:02] [Server thread/INFO]: dombogo has made the advancement [Take Aim]
[17:45:15] [Server thread/INFO]: dombogo has completed the challenge [Hot Tourist Destinations]
[17:45:33] [Async Chat Thread - #4/INFO]: <dombogo> he,lo
[17:45:34] [Async Chat Thread - #4/INFO]: <dombogo> jhadkgsl
[17:45:35] [Async Chat Thread - #4/INFO]: <dombogo> sdf
[17:45:36] [Async Chat Thread - #4/INFO]: <dombogo> d
[17:45:36] [Async Chat Thread - #4/INFO]: <dombogo> d
[17:45:36] [Async Chat Thread - #4/INFO]: <dombogo> df
[17:45:37] [Async Chat Thread - #4/INFO]: <dombogo> df
[17:45:37] [Async Chat Thread - #4/INFO]: <dombogo> df
[17:46:20] [Server thread/INFO]: dombogo lost connection: Disconnected
[17:46:20] [Server thread/INFO]: dombogo left the game
[17:46:38] [User Authenticator #16/INFO]: UUID of player dombogo is 141a2dd1-b4e7-4b77-b071-210590b49a45
[17:46:38] [Server thread/INFO]: dombogo joined the game
[17:46:38] [Server thread/INFO]: dombogo[/86.134.148.200:63512] logged in with entity id 86674 at ([world_nether]-1060.5000075899554, 128.0, 230.7802804225213)
[17:47:31] [User Authenticator #16/INFO]: UUID of player lokifangirl is 6fade4ea-57e4-40cf-8ded-f6e6cfe67522
[17:47:32] [Server thread/INFO]: lokifangirl joined the game
[17:47:32] [Server thread/INFO]: lokifangirl[/88.88.30.243:60093] logged in with entity id 87149 at ([world]-57289.46864842911, 66.0, 63203.67616203494)
[17:49:30] [Async Chat Thread - #5/INFO]: <lokifangirl> sex dungeon
[17:49:35] [Async Chat Thread - #5/INFO]: <lokifangirl> hi
[17:49:37] [Async Chat Thread - #5/INFO]: <dombogo> where
[17:49:43] [Async Chat Thread - #5/INFO]: <lokifangirl> here
[17:50:02] [Async Chat Thread - #5/INFO]: <lokifangirl> i see where you fucked up
[17:51:03] [Async Chat Thread - #6/INFO]: <lokifangirl> it should be like that hayley
[17:51:25] [Async Chat Thread - #6/INFO]: <lokifangirl> im just copying whats been done on the top
[17:51:29] [Async Chat Thread - #6/INFO]: <lokifangirl> no
[17:53:23] [Server thread/WARN]: lokifangirl moved wrongly!
[17:53:42] [Server thread/INFO]: lokifangirl lost connection: Disconnected
[17:53:42] [Server thread/INFO]: lokifangirl left the game
[17:53:47] [User Authenticator #17/INFO]: UUID of player lokifangirl is 6fade4ea-57e4-40cf-8ded-f6e6cfe67522
[17:53:47] [Server thread/INFO]: lokifangirl joined the game
[17:53:47] [Server thread/INFO]: lokifangirl[/88.88.30.243:64356] logged in with entity id 90255 at ([world]-57227.35483424846, 91.0, 63405.95120344032)
[18:00:15] [Server thread/INFO]: lokifangirl lost connection: Disconnected
[18:00:15] [Server thread/INFO]: lokifangirl left the game
[18:00:17] [User Authenticator #18/INFO]: UUID of player lokifangirl is 6fade4ea-57e4-40cf-8ded-f6e6cfe67522
[18:00:17] [Server thread/INFO]: lokifangirl joined the game
[18:00:17] [Server thread/INFO]: lokifangirl[/88.88.30.243:64859] logged in with entity id 93962 at ([world]-57213.59576933118, 103.35462112371023, 63415.30000001192)
[18:04:59] [Server thread/INFO]: lokifangirl fell from a high place
[18:07:10] [Server thread/INFO]: lokifangirl lost connection: Disconnected
[18:07:10] [Server thread/INFO]: lokifangirl left the game
[18:07:28] [User Authenticator #19/INFO]: UUID of player lokifangirl is 6fade4ea-57e4-40cf-8ded-f6e6cfe67522
[18:07:28] [Server thread/INFO]: lokifangirl joined the game
[18:07:28] [Server thread/INFO]: lokifangirl[/88.88.30.243:65422] logged in with entity id 98396 at ([world]284.2796795588126, 61.177980125563415, -92.74622106076583)
[18:11:24] [Server thread/INFO]: lokifangirl lost connection: Disconnected
[18:11:25] [Server thread/INFO]: lokifangirl left the game
[18:12:35] [Server thread/INFO]: dombogo lost connection: Disconnected
[18:12:35] [Server thread/INFO]: dombogo left the game
[18:28:25] [Server thread/INFO]: Slohth issued server command: /seed
[18:31:36] [Server thread/INFO]: Slohth has made the advancement [Spooky Scary Skeleton]
[18:32:00] [Server thread/INFO]: niaori has made the advancement [Spooky Scary Skeleton]
[18:51:39] [Server thread/INFO]: Slohth lost connection: Disconnected
[18:51:39] [Server thread/INFO]: Slohth left the game
[19:02:42] [Server thread/INFO]: niaori lost connection: Disconnected
[19:02:42] [Server thread/INFO]: niaori left the game
[19:19:04] [User Authenticator #20/INFO]: UUID of player niaori is ec179df2-a6e4-43f1-85ae-197ad4b70e6c
[19:19:04] [Server thread/INFO]: niaori joined the game
[19:19:04] [Server thread/INFO]: niaori[/79.69.237.208:54601] logged in with entity id 114427 at ([world]-57218.142823165086, 96.0, 63398.270171274584)
[19:19:26] [Server thread/INFO]: niaori lost connection: Disconnected
[19:19:26] [Server thread/INFO]: niaori left the game
[23:19:10] [User Authenticator #21/INFO]: UUID of player Slyix is 1ed94e94-7ffa-4c77-b054-c5ea58fbf7ae
[23:19:10] [Server thread/INFO]: Slyix joined the game
[23:19:10] [Server thread/INFO]: Slyix[/94.14.124.8:60792] logged in with entity id 114697 at ([world]-57221.59863506429, 96.0, 63411.71611853359)
[23:54:43] [Server thread/INFO]: Slyix lost connection: Disconnected
[23:54:43] [Server thread/INFO]: Slyix left the game
