[05:24:59] [User Authenticator #1/INFO]: UUID of player AV3RG is fda0c2bd-a5f5-444c-822a-5de03ff6e4cb
[05:25:00] [Server thread/INFO]: AV3RG joined the game
[05:25:00] [Server thread/INFO]: AV3RG[/103.21.184.191:20089] logged in with entity id 208 at ([world]-593.495186215498, 25.0, -1498.1139384499943)
[05:27:35] [Server thread/INFO]: AV3RG lost connection: Disconnected
[05:27:35] [Server thread/INFO]: AV3RG left the game
[05:28:39] [User Authenticator #2/INFO]: UUID of player AV3RG is fda0c2bd-a5f5-444c-822a-5de03ff6e4cb
[05:28:39] [Server thread/INFO]: AV3RG joined the game
[05:28:39] [Server thread/INFO]: AV3RG[/103.21.184.191:20796] logged in with entity id 958 at ([world]-668.922970664679, 73.0, -1496.3141659543705)
[05:30:38] [Server thread/INFO]: AV3RG lost connection: Disconnected
[05:30:38] [Server thread/INFO]: AV3RG left the game
[05:31:59] [User Authenticator #3/INFO]: UUID of player AV3RG is fda0c2bd-a5f5-444c-822a-5de03ff6e4cb
[05:31:59] [Server thread/INFO]: AV3RG joined the game
[05:31:59] [Server thread/INFO]: AV3RG[/103.21.184.191:21050] logged in with entity id 1837 at ([world]-738.7455133410948, 77.0, -1563.452253675924)
[05:41:31] [Server thread/INFO]: AV3RG lost connection: Disconnected
[05:41:31] [Server thread/INFO]: AV3RG left the game
[05:42:38] [User Authenticator #4/INFO]: UUID of player AV3RG is fda0c2bd-a5f5-444c-822a-5de03ff6e4cb
[05:42:38] [Server thread/INFO]: AV3RG joined the game
[05:42:38] [Server thread/INFO]: AV3RG[/103.21.184.191:19044] logged in with entity id 5643 at ([world]-5997.960709371349, 63.0, -957.6662071501814)
[06:18:25] [Server thread/INFO]: AV3RG lost connection: Disconnected
[06:18:25] [Server thread/INFO]: AV3RG left the game
[06:18:40] [User Authenticator #5/INFO]: UUID of player AV3RG is fda0c2bd-a5f5-444c-822a-5de03ff6e4cb
[06:18:40] [Server thread/INFO]: AV3RG joined the game
[06:18:40] [Server thread/INFO]: AV3RG[/103.21.184.191:19087] logged in with entity id 17859 at ([world]-635.5363003390845, 63.0, -1452.9071704683736)
[06:23:13] [Server thread/INFO]: AV3RG lost connection: Disconnected
[06:23:13] [Server thread/INFO]: AV3RG left the game
[06:34:12] [User Authenticator #6/INFO]: UUID of player Creeprr is 986cf6da-99f9-4df0-9f1d-69e47307cedc
[06:34:12] [Server thread/INFO]: Creeprr joined the game
[06:34:12] [Server thread/INFO]: Creeprr[/87.57.101.74:58416] logged in with entity id 19322 at ([world]-57222.92500001192, 98.0, 63401.904141483625)
[06:41:20] [User Authenticator #7/INFO]: UUID of player AV3RG is fda0c2bd-a5f5-444c-822a-5de03ff6e4cb
[06:41:20] [Server thread/INFO]: AV3RG joined the game
[06:41:20] [Server thread/INFO]: AV3RG[/103.21.184.191:18724] logged in with entity id 20893 at ([world]-575.6391816590793, 43.0, -1496.4327922380694)
[06:41:27] [Async Chat Thread - #0/INFO]: <Creeprr> hey
[06:41:35] [Async Chat Thread - #0/INFO]: <Creeprr> welcome bacc
[06:41:38] [Async Chat Thread - #0/INFO]: <AV3RG> the shulkers
[06:41:41] [Async Chat Thread - #0/INFO]: <AV3RG> and cobble
[06:41:51] [Async Chat Thread - #0/INFO]: <Creeprr> Yeah idk where that went tbh
[06:42:07] [Async Chat Thread - #0/INFO]: <AV3RG> you wont know where your base went if i dont get that
[06:42:24] [Async Chat Thread - #0/INFO]: <Creeprr> Nah
[06:42:28] [Async Chat Thread - #0/INFO]: <Creeprr> I don't think you know where it went
[06:42:44] [Async Chat Thread - #0/INFO]: <AV3RG> You stole it
[06:42:57] [Async Chat Thread - #0/INFO]: <Creeprr> No our base
[06:43:08] [Async Chat Thread - #0/INFO]: <AV3RG> the whole base's chests and shulkers were griefed
[06:43:27] [Async Chat Thread - #0/INFO]: <AV3RG> I am keeping your base's chests and shulkers hostage
[06:43:27] [Async Chat Thread - #0/INFO]: <Creeprr> yeah
[06:43:31] [Async Chat Thread - #0/INFO]: <AV3RG> including the fish
[06:43:39] [Async Chat Thread - #0/INFO]: <Creeprr> no you're not
[06:43:43] [Async Chat Thread - #0/INFO]: <AV3RG> I am
[06:43:44] [Async Chat Thread - #0/INFO]: <AV3RG> go check
[06:43:49] [Async Chat Thread - #0/INFO]: <AV3RG> no chests in your base
[06:44:07] [Async Chat Thread - #0/INFO]: <Creeprr> I'm looking at the chests in my base right now
[06:44:29] [Async Chat Thread - #0/INFO]: <AV3RG> You dont live with brandon?
[06:44:35] [Async Chat Thread - #0/INFO]: <Creeprr> I do
[06:44:35] [Async Chat Thread - #0/INFO]: <Creeprr> :3
[06:44:45] [Async Chat Thread - #0/INFO]: <AV3RG> a few were left prolly
[06:44:48] [Async Chat Thread - #0/INFO]: <AV3RG> Most of them
[06:44:50] [Async Chat Thread - #0/INFO]: <AV3RG> are with me
[06:44:58] [Async Chat Thread - #0/INFO]: <AV3RG> about 20 double chests worth of stuff
[06:45:00] [Async Chat Thread - #0/INFO]: <AV3RG> in shulkers
[06:45:10] [Async Chat Thread - #0/INFO]: <Creeprr> about 20 double chests worth of crap
[06:45:22] [Server thread/INFO]: AV3RG lost connection: Disconnected
[06:45:22] [Server thread/INFO]: AV3RG left the game
[06:47:26] [User Authenticator #8/INFO]: UUID of player AV3RG is fda0c2bd-a5f5-444c-822a-5de03ff6e4cb
[06:47:27] [Server thread/INFO]: AV3RG joined the game
[06:47:27] [Server thread/INFO]: AV3RG[/103.21.184.191:19104] logged in with entity id 23346 at ([world]-620.656256171624, 62.0, -1515.5285090196455)
[06:47:32] [Async Chat Thread - #1/INFO]: <Creeprr> Go ahead
[06:47:33] [Async Chat Thread - #1/INFO]: <Creeprr> bomb it
[06:47:53] [Async Chat Thread - #1/INFO]: <Creeprr> You don't seem to understand
[06:47:55] [Async Chat Thread - #1/INFO]: <Creeprr> We left it
[06:48:12] [Async Chat Thread - #1/INFO]: <AV3RG> dont worry
[06:48:16] [Async Chat Thread - #1/INFO]: <AV3RG> will find your new base
[06:48:48] [Async Chat Thread - #1/INFO]: <Creeprr> yeah sure
[06:49:02] [Async Chat Thread - #1/INFO]: <Creeprr> >:D
[06:54:13] [Server thread/INFO]: AV3RG lost connection: Disconnected
[06:54:13] [Server thread/INFO]: AV3RG left the game
[06:54:20] [Async Chat Thread - #2/INFO]: <Creeprr> logger L
[06:55:25] [Server thread/INFO]: Creeprr lost connection: Disconnected
[06:55:25] [Server thread/INFO]: Creeprr left the game
[06:55:54] [User Authenticator #9/INFO]: UUID of player AV3RG is fda0c2bd-a5f5-444c-822a-5de03ff6e4cb
[06:55:54] [Server thread/INFO]: AV3RG joined the game
[06:55:54] [Server thread/INFO]: AV3RG[/103.21.184.191:20522] logged in with entity id 28591 at ([world]-575.0582294679728, 42.5625, -1501.5758839193534)
[06:57:39] [Server thread/WARN]: AV3RG moved wrongly!
[06:57:54] [Server thread/WARN]: AV3RG was kicked for floating too long!
[06:57:54] [Server thread/INFO]: AV3RG lost connection: Flying is not enabled on this server
[06:57:54] [Server thread/INFO]: AV3RG left the game
[06:57:58] [User Authenticator #10/INFO]: UUID of player AV3RG is fda0c2bd-a5f5-444c-822a-5de03ff6e4cb
[06:57:58] [Server thread/INFO]: AV3RG joined the game
[06:57:58] [Server thread/INFO]: AV3RG[/103.21.184.191:20618] logged in with entity id 29225 at ([world_nether]-129.8121933921013, 131.74102083360503, -145.27967816554707)
[06:58:34] [Server thread/WARN]: AV3RG was kicked for floating too long!
[06:58:34] [Server thread/INFO]: AV3RG lost connection: Flying is not enabled on this server
[06:58:34] [Server thread/INFO]: AV3RG left the game
[06:58:36] [User Authenticator #10/INFO]: UUID of player AV3RG is fda0c2bd-a5f5-444c-822a-5de03ff6e4cb
[06:58:36] [Server thread/INFO]: AV3RG joined the game
[06:58:36] [Server thread/INFO]: AV3RG[/103.21.184.191:20638] logged in with entity id 29862 at ([world_nether]323.4743503738305, 128.7587016446391, -157.92213483182607)
[06:59:09] [Server thread/WARN]: AV3RG moved wrongly!
[07:01:00] [Server thread/WARN]: AV3RG was kicked for floating too long!
[07:01:00] [Server thread/INFO]: AV3RG lost connection: Flying is not enabled on this server
[07:01:00] [Server thread/INFO]: AV3RG left the game
[07:01:02] [User Authenticator #11/INFO]: UUID of player AV3RG is fda0c2bd-a5f5-444c-822a-5de03ff6e4cb
[07:01:02] [Server thread/INFO]: AV3RG joined the game
[07:01:02] [Server thread/INFO]: AV3RG[/103.21.184.191:20928] logged in with entity id 30124 at ([world_nether]172.07882225574033, 128.89217720056251, -170.94099587521197)
[07:06:14] [Server thread/INFO]: AV3RG lost connection: Sent too many packets
[07:06:14] [Server thread/INFO]: AV3RG left the game
[07:06:17] [User Authenticator #12/INFO]: UUID of player AV3RG is fda0c2bd-a5f5-444c-822a-5de03ff6e4cb
[07:06:17] [Server thread/INFO]: AV3RG joined the game
[07:06:17] [Server thread/INFO]: AV3RG[/103.21.184.191:18459] logged in with entity id 31879 at ([world]-5908.73262881223, 63.0, -1056.5503404192925)
[07:06:47] [Server thread/INFO]: AV3RG lost connection: Sent too many packets
[07:06:47] [Server thread/INFO]: AV3RG left the game
[07:06:49] [User Authenticator #12/INFO]: UUID of player AV3RG is fda0c2bd-a5f5-444c-822a-5de03ff6e4cb
[07:06:49] [Server thread/INFO]: AV3RG joined the game
[07:06:49] [Server thread/INFO]: AV3RG[/103.21.184.191:18505] logged in with entity id 32131 at ([world]-5908.476985975354, 61.0, -1054.3523448310784)
[07:06:51] [Server thread/INFO]: AV3RG lost connection: Sent too many packets
[07:06:51] [Server thread/INFO]: AV3RG left the game
[07:06:54] [User Authenticator #12/INFO]: UUID of player AV3RG is fda0c2bd-a5f5-444c-822a-5de03ff6e4cb
[07:06:54] [Server thread/INFO]: AV3RG joined the game
[07:06:54] [Server thread/INFO]: AV3RG[/103.21.184.191:18516] logged in with entity id 32198 at ([world]-5908.476985975354, 60.094567647522716, -1054.3523448310784)
[07:06:56] [Server thread/INFO]: AV3RG lost connection: Sent too many packets
[07:06:56] [Server thread/INFO]: AV3RG left the game
[07:07:12] [User Authenticator #12/INFO]: UUID of player AV3RG is fda0c2bd-a5f5-444c-822a-5de03ff6e4cb
[07:07:12] [Server thread/INFO]: AV3RG joined the game
[07:07:12] [Server thread/INFO]: AV3RG[/103.21.184.191:18554] logged in with entity id 32403 at ([world]-5908.476985975354, 60.0, -1054.3523448310784)
[07:07:15] [Server thread/INFO]: AV3RG lost connection: Sent too many packets
[07:07:15] [Server thread/INFO]: AV3RG left the game
[07:07:17] [User Authenticator #12/INFO]: UUID of player AV3RG is fda0c2bd-a5f5-444c-822a-5de03ff6e4cb
[07:07:17] [Server thread/INFO]: AV3RG joined the game
[07:07:17] [Server thread/INFO]: AV3RG[/103.21.184.191:18557] logged in with entity id 32694 at ([world]-5908.476985975354, 60.0, -1054.3523448310784)
[07:08:42] [Server thread/WARN]: AV3RG was kicked for floating too long!
[07:08:42] [Server thread/INFO]: AV3RG lost connection: Flying is not enabled on this server
[07:08:42] [Server thread/INFO]: AV3RG left the game
[07:08:45] [User Authenticator #13/INFO]: UUID of player AV3RG is fda0c2bd-a5f5-444c-822a-5de03ff6e4cb
[07:08:45] [Server thread/INFO]: AV3RG joined the game
[07:08:45] [Server thread/INFO]: AV3RG[/103.21.184.191:18606] logged in with entity id 33181 at ([world]-6044.236407922012, 78.4685044147416, -1002.5295127560239)
[07:14:23] [Server thread/WARN]: AV3RG was kicked for floating too long!
[07:14:23] [Server thread/INFO]: AV3RG lost connection: Flying is not enabled on this server
[07:14:23] [Server thread/INFO]: AV3RG left the game
[07:14:27] [User Authenticator #14/INFO]: UUID of player AV3RG is fda0c2bd-a5f5-444c-822a-5de03ff6e4cb
[07:14:28] [Server thread/INFO]: AV3RG joined the game
[07:14:28] [Server thread/INFO]: AV3RG[/103.21.184.191:18910] logged in with entity id 37306 at ([world]-7335.819905618131, 78.6587693443804, -1642.0944823858622)
[07:16:40] [User Authenticator #15/INFO]: UUID of player Creeprr is 986cf6da-99f9-4df0-9f1d-69e47307cedc
[07:16:40] [Server thread/INFO]: Creeprr joined the game
[07:16:40] [Server thread/INFO]: Creeprr[/87.57.101.74:64014] logged in with entity id 38451 at ([world]-57805.589050587616, 133.0, 62940.415387793335)
[07:16:46] [Async Chat Thread - #3/INFO]: <Creeprr> hello >:D
[07:17:17] [Async Chat Thread - #3/INFO]: <AV3RG> notch apple
[07:17:21] [Async Chat Thread - #3/INFO]: <Creeprr> epic
[07:17:45] [Server thread/WARN]: AV3RG was kicked for floating too long!
[07:17:45] [Server thread/INFO]: AV3RG lost connection: Flying is not enabled on this server
[07:17:45] [Server thread/INFO]: AV3RG left the game
[07:17:47] [User Authenticator #16/INFO]: UUID of player AV3RG is fda0c2bd-a5f5-444c-822a-5de03ff6e4cb
[07:17:47] [Server thread/INFO]: AV3RG joined the game
[07:17:47] [Server thread/INFO]: AV3RG[/103.21.184.191:19016] logged in with entity id 39768 at ([world]-8032.346853074752, 81.30880583177277, -1599.5338687553622)
[07:17:51] [Async Chat Thread - #3/INFO]: <Creeprr> logger
[07:17:55] [Async Chat Thread - #3/INFO]: <AV3RG> ??
[07:18:02] [Async Chat Thread - #3/INFO]: <Creeprr> I'm jk
[07:18:37] [Async Chat Thread - #3/INFO]: <AV3RG> im probably near you guys
[07:18:49] [Async Chat Thread - #3/INFO]: <Creeprr> old or new base?
[07:18:51] [Async Chat Thread - #3/INFO]: <AV3RG> see nether blocks placed
[07:18:54] [Async Chat Thread - #3/INFO]: <AV3RG> on this mountain
[07:19:00] [Async Chat Thread - #3/INFO]: <Creeprr> wait what
[07:19:35] [Server thread/WARN]: AV3RG moved wrongly!
[07:20:03] [Async Chat Thread - #4/INFO]: <AV3RG> oh boi
[07:20:06] [Async Chat Thread - #4/INFO]: <AV3RG> no way
[07:20:17] [Async Chat Thread - #4/INFO]: <Creeprr> what now smh
[07:20:49] [Async Chat Thread - #4/INFO]: <AV3RG> gotta bring invis potions
[07:20:51] [Async Chat Thread - #4/INFO]: <AV3RG> >:)
[07:21:01] [Async Chat Thread - #4/INFO]: <Creeprr> Smh don't act like you're at our base
[07:21:20] [Async Chat Thread - #4/INFO]: <AV3RG> I was
[07:21:39] [Async Chat Thread - #4/INFO]: <Creeprr> aight then how did it look
[07:21:44] [Async Chat Thread - #4/INFO]: <Creeprr> describe it
[07:21:50] [Async Chat Thread - #4/INFO]: <AV3RG> didnt pay too much attentions
[07:21:53] [Async Chat Thread - #4/INFO]: <Creeprr> lmao
[07:23:43] [Server thread/WARN]: AV3RG moved wrongly!
[07:23:44] [Server thread/WARN]: AV3RG moved wrongly!
[07:23:44] [Server thread/WARN]: AV3RG moved wrongly!
[07:23:44] [Server thread/WARN]: AV3RG moved wrongly!
[07:23:47] [Server thread/WARN]: AV3RG moved wrongly!
[07:23:48] [Server thread/WARN]: AV3RG moved wrongly!
[07:23:48] [Server thread/WARN]: AV3RG moved wrongly!
[07:23:48] [Server thread/WARN]: AV3RG moved wrongly!
[07:23:48] [Server thread/WARN]: AV3RG moved wrongly!
[07:23:57] [Server thread/WARN]: AV3RG moved wrongly!
[07:23:58] [Server thread/WARN]: AV3RG moved wrongly!
[07:23:58] [Server thread/WARN]: AV3RG moved wrongly!
[07:23:58] [Server thread/WARN]: AV3RG moved wrongly!
[07:25:10] [Server thread/WARN]: AV3RG moved too quickly! 2.9147848754410006,-11.418310847881429,1.5418771741192359
[07:27:06] [Server thread/WARN]: AV3RG moved too quickly! 14.924003026945684,2.519999921321869,-0.5562218017340683
[07:27:08] [Server thread/WARN]: AV3RG was kicked for floating too long!
[07:27:08] [Server thread/INFO]: AV3RG lost connection: Flying is not enabled on this server
[07:27:08] [Server thread/INFO]: AV3RG left the game
[07:27:11] [User Authenticator #17/INFO]: UUID of player AV3RG is fda0c2bd-a5f5-444c-822a-5de03ff6e4cb
[07:27:11] [Server thread/INFO]: AV3RG joined the game
[07:27:11] [Server thread/INFO]: AV3RG[/103.21.184.191:19626] logged in with entity id 49880 at ([world]-5216.451283419973, 98.12305559433617, -952.8124801952331)
[07:28:04] [Async Chat Thread - #5/INFO]: <Creeprr> You're wasting your time if you're searching for our new base lol
[07:28:08] [Async Chat Thread - #5/INFO]: <Creeprr> We left 0 trace
[07:28:15] [Async Chat Thread - #5/INFO]: <Creeprr> and it's so far lmao
[07:28:22] [Server thread/WARN]: AV3RG moved too quickly! 3.123407222491551,2.519999921321869,-9.23217931885938
[07:28:30] [Server thread/WARN]: AV3RG moved too quickly! 2.2251745896892317,3.359999895095825,-10.423939973894107
[07:29:36] [Server thread/WARN]: AV3RG moved too quickly! -39.25652954739962,8.819999724626541,0.006771439287604153
[07:33:05] [User Authenticator #18/INFO]: UUID of player Slohth is 61a17967-0f69-458b-b723-b991229df329
[07:33:05] [Server thread/INFO]: Slohth joined the game
[07:33:05] [Server thread/INFO]: Slohth[/79.73.208.107:55763] logged in with entity id 59302 at ([world]-57147.800153589946, 89.0, 63387.261261329004)
[07:33:10] [Async Chat Thread - #6/INFO]: <Creeprr> wback <3
[07:33:23] [Async Chat Thread - #6/INFO]: <Slohth> ty
[07:34:00] [Async Chat Thread - #6/INFO]: <Slohth> oh creeper
[07:34:03] [Async Chat Thread - #6/INFO]: <Creeprr> sup
[07:34:03] [Async Chat Thread - #6/INFO]: <Slohth> beware of snow
[07:34:06] [Async Chat Thread - #6/INFO]: <Creeprr> oh yeah lmao
[07:34:11] [Async Chat Thread - #6/INFO]: <AV3RG> so its a mountain
[07:34:13] [Async Chat Thread - #6/INFO]: <Slohth> ive had to save emilys life 3 times
[07:34:17] [Async Chat Thread - #6/INFO]: <Creeprr> xD
[07:34:20] [Async Chat Thread - #6/INFO]: <Creeprr> I heard
[07:34:33] [Async Chat Thread - #6/INFO]: <Creeprr> RG is out searching lmao
[07:34:41] [Async Chat Thread - #6/INFO]: <Slohth> good luck
[07:35:36] [Server thread/WARN]: AV3RG was kicked for floating too long!
[07:35:36] [Server thread/INFO]: AV3RG lost connection: Flying is not enabled on this server
[07:35:36] [Server thread/INFO]: AV3RG left the game
[07:35:38] [User Authenticator #19/INFO]: UUID of player AV3RG is fda0c2bd-a5f5-444c-822a-5de03ff6e4cb
[07:35:39] [Server thread/INFO]: AV3RG joined the game
[07:35:39] [Server thread/INFO]: AV3RG[/103.21.184.191:20289] logged in with entity id 67105 at ([world]-7656.927512522637, 107.10580507408534, -1449.2131125871983)
[07:35:44] [Async Chat Thread - #7/INFO]: <AV3RG> stop kicking me
[07:35:54] [Async Chat Thread - #7/INFO]: <Creeprr> stop hacking then
[07:36:03] [Async Chat Thread - #7/INFO]: <AV3RG> i aint
[07:36:06] [Async Chat Thread - #7/INFO]: <AV3RG> its my gay ping
[07:36:17] [Async Chat Thread - #7/INFO]: <AV3RG> when i exit a boar
[07:36:19] [Async Chat Thread - #7/INFO]: <AV3RG> boat*
[07:36:23] [Async Chat Thread - #7/INFO]: <Creeprr> Boar :3
[07:36:26] [Async Chat Thread - #7/INFO]: <AV3RG> i get stuck on boat
[07:36:33] [Async Chat Thread - #7/INFO]: <AV3RG> and it kicks me for flyinh
[07:36:40] [Async Chat Thread - #7/INFO]: <Creeprr> smh hacker
[07:37:07] [Async Chat Thread - #7/INFO]: <AV3RG> just one thunderstorm
[07:37:13] [Async Chat Thread - #7/INFO]: <AV3RG> and i can find your location
[07:37:33] [Async Chat Thread - #7/INFO]: <Creeprr> That was patched a long time ago my man
[07:37:45] [Async Chat Thread - #7/INFO]: <Creeprr> Sound of lightning travels like 512 blocks now
[07:37:57] [Async Chat Thread - #7/INFO]: <Creeprr> I can say with confidence we're further away than that
[07:38:30] [Async Chat Thread - #7/INFO]: <AV3RG> need to use chunk timing mod ig
[07:38:39] [Async Chat Thread - #7/INFO]: <Creeprr> no haxing
[07:38:48] [Async Chat Thread - #7/INFO]: <AV3RG> it isnt hacking
[07:38:53] [Async Chat Thread - #7/INFO]: <AV3RG> its perf measurement
[07:38:59] [Async Chat Thread - #7/INFO]: <AV3RG> testing server perf
[07:39:20] [Async Chat Thread - #7/INFO]: <Creeprr> welp idk what chunk timing is
[07:39:25] [Async Chat Thread - #7/INFO]: <Creeprr> so what can I say
[07:39:28] [Async Chat Thread - #7/INFO]: <AV3RG> the time a chunk takes to load
[07:39:31] [Async Chat Thread - #7/INFO]: <AV3RG> if its higher
[07:39:35] [Async Chat Thread - #7/INFO]: <AV3RG> then its a new chunk
[07:39:36] [Async Chat Thread - #7/INFO]: <Creeprr> oh
[07:39:37] [Async Chat Thread - #7/INFO]: <Creeprr> lmao
[07:39:39] [Async Chat Thread - #7/INFO]: <AV3RG> and you did not go there
[07:39:41] [Async Chat Thread - #7/INFO]: <Creeprr> true dat
[07:39:52] [Async Chat Thread - #7/INFO]: <Slohth> i just went on a mob massacre to repair all my armor and tools
[07:42:41] [Async Chat Thread - #8/INFO]: <AV3RG> wait
[07:42:45] [Async Chat Thread - #8/INFO]: <Creeprr> ok
[07:42:46] [Async Chat Thread - #8/INFO]: <AV3RG> I can just use nether portal esp
[07:42:59] [Async Chat Thread - #8/INFO]: <Creeprr> dafuq is that
[07:43:09] [Async Chat Thread - #8/INFO]: <AV3RG> player esp
[07:43:13] [Async Chat Thread - #8/INFO]: <AV3RG> for nether portals
[07:43:27] [Async Chat Thread - #8/INFO]: <AV3RG> can shorten my search 8 times
[07:43:28] [Async Chat Thread - #8/INFO]: <AV3RG> xD
[07:44:01] [Async Chat Thread - #8/INFO]: <Creeprr> lmao
[07:44:03] [Async Chat Thread - #8/INFO]: <Creeprr> keep searching
[07:44:12] [Server thread/INFO]: AV3RG lost connection: Disconnected
[07:44:12] [Server thread/INFO]: AV3RG left the game
[07:44:16] [Async Chat Thread - #8/INFO]: <Creeprr> or not
[07:44:33] [Async Chat Thread - #8/INFO]: <Creeprr> He doesn't even have elytra
[07:44:34] [Async Chat Thread - #8/INFO]: <Creeprr> lmao
[07:45:57] [Async Chat Thread - #9/INFO]: <Slohth> creeper
[07:46:00] [Async Chat Thread - #9/INFO]: <Creeprr> sup
[07:46:03] [Async Chat Thread - #9/INFO]: <Slohth> do you have the coords to our ceiling portal
[07:46:06] [Async Chat Thread - #9/INFO]: <Slohth> im travelling back there
[07:46:20] [Async Chat Thread - #9/INFO]: <Creeprr> Yeah
[07:46:25] [Async Chat Thread - #9/INFO]: <Creeprr> -741 -119
[07:46:45] [Async Chat Thread - #9/INFO]: <Creeprr> in the nether
[07:47:55] [Async Chat Thread - #10/INFO]: <Slohth> i meant in overworld
[07:47:57] [Async Chat Thread - #10/INFO]: <Creeprr> I'm back aswell
[07:47:58] [Async Chat Thread - #10/INFO]: <Creeprr> oh
[07:48:04] [Async Chat Thread - #10/INFO]: <Creeprr> -5932 -955
[07:48:18] [Async Chat Thread - #10/INFO]: <Slohth> that's our old one
[07:48:20] [Async Chat Thread - #10/INFO]: <Slohth> i mean the new one
[07:48:22] [Async Chat Thread - #10/INFO]: <Creeprr> Oh
[07:48:31] [Async Chat Thread - #10/INFO]: <Creeprr> We need to make a new ceiling portal
[07:48:34] [Async Chat Thread - #10/INFO]: <Slohth> oh
[07:48:50] [Async Chat Thread - #10/INFO]: <Creeprr> probably at the base
[07:48:53] [Async Chat Thread - #10/INFO]: <Creeprr> would be best
[07:49:07] [Async Chat Thread - #10/INFO]: <Creeprr> Ooof
[07:49:09] [Async Chat Thread - #10/INFO]: <Creeprr> I forgot to sleep
[07:49:14] [Async Chat Thread - #10/INFO]: <Creeprr> Just spawned back at spawn
[07:49:20] [Async Chat Thread - #10/INFO]: <Slohth> oof
[07:49:25] [Async Chat Thread - #10/INFO]: <Creeprr> huge oof
[07:50:54] [Async Chat Thread - #11/INFO]: <Slohth> be careful of elytra durability too
[07:50:58] [Async Chat Thread - #11/INFO]: <Creeprr> yeah
[07:50:59] [Async Chat Thread - #11/INFO]: <Creeprr> just repaired
[07:51:03] [Async Chat Thread - #11/INFO]: <Creeprr> at the farm
[07:51:54] [Async Chat Thread - #11/INFO]: <Creeprr> How do you enderpearl through the bedrock
[07:52:00] [Async Chat Thread - #11/INFO]: <Creeprr> like how do you find a place to do that
[07:52:22] [Async Chat Thread - #11/INFO]: <Slohth> you dig up to the highest bedrock block you can find
[07:52:29] [Async Chat Thread - #11/INFO]: <Slohth> climb a ladder on to it
[07:52:31] [Async Chat Thread - #11/INFO]: <Slohth> and pearl
[07:52:36] [Async Chat Thread - #11/INFO]: <Creeprr> damn
[07:52:39] [Async Chat Thread - #11/INFO]: <Creeprr> I forgot ladder
[07:54:39] [Async Chat Thread - #12/INFO]: <Creeprr> did it
[07:54:40] [Async Chat Thread - #12/INFO]: <Creeprr> :P
[07:54:40] [Async Chat Thread - #12/INFO]: <Creeprr> thx
[07:54:43] [Async Chat Thread - #12/INFO]: <Slohth> nice
[07:54:46] [Async Chat Thread - #12/INFO]: <Slohth> im on ceiling too
[07:54:52] [Async Chat Thread - #12/INFO]: <Creeprr> epic
[07:54:57] [Async Chat Thread - #12/INFO]: <Slohth> gonna run out of rockets at this rate
[07:54:58] [Async Chat Thread - #12/INFO]: <Creeprr> you made a new portal?
[07:55:20] [Async Chat Thread - #12/INFO]: <Slohth> nah i was gonna use the end to get bacj
[07:55:27] [Async Chat Thread - #12/INFO]: <Creeprr> smart
[07:55:28] [Async Chat Thread - #12/INFO]: <Slohth> there is already one up here though
[07:55:31] [Async Chat Thread - #12/INFO]: <Slohth> or should be
[07:55:36] [Async Chat Thread - #12/INFO]: <Creeprr> how'd you get up then?
[07:55:41] [Async Chat Thread - #12/INFO]: <Slohth> pearl
[07:55:44] [Async Chat Thread - #12/INFO]: <Creeprr> oh alright
[07:55:55] [Async Chat Thread - #12/INFO]: <Creeprr> I'm gonna get big M
[07:56:00] [Async Chat Thread - #12/INFO]: <Slohth> alright
[07:56:03] [Async Chat Thread - #12/INFO]: <Slohth> actually while im there
[07:56:09] [Async Chat Thread - #12/INFO]: <Slohth> ill grab some obi
[07:56:12] [Async Chat Thread - #12/INFO]: <Slohth> and help
[07:56:16] [Async Chat Thread - #12/INFO]: <Creeprr> ah epic
[07:56:26] [Async Chat Thread - #12/INFO]: <Slohth> i just have some stuff to do first
[07:56:35] [Async Chat Thread - #12/INFO]: <Creeprr> aight
[07:56:55] [Async Chat Thread - #12/INFO]: <Slohth> 5k blocks to go
[07:57:02] [Async Chat Thread - #12/INFO]: <Slohth> this is kinda slow
[07:57:06] [Async Chat Thread - #12/INFO]: <Creeprr> yeah it is
[07:57:08] [Async Chat Thread - #12/INFO]: <Creeprr> it takes a while
[07:57:29] [Async Chat Thread - #12/INFO]: <Creeprr> Alright Morten
[07:57:30] [Async Chat Thread - #12/INFO]: <Creeprr> I'm coming
[07:57:35] [Async Chat Thread - #12/INFO]: <Slohth> at last
[07:57:38] [Async Chat Thread - #12/INFO]: <Creeprr> Finally
[07:57:46] [Async Chat Thread - #12/INFO]: <Slohth> how long until they log in do you think
[07:57:50] [Async Chat Thread - #12/INFO]: <Creeprr> idk tbh
[07:57:57] [Async Chat Thread - #12/INFO]: <Slohth> hopefully at least an hour
[07:58:03] [Async Chat Thread - #12/INFO]: <Creeprr> yeah
[07:58:12] [Async Chat Thread - #12/INFO]: <Slohth> i woke up early
[07:58:19] [Async Chat Thread - #12/INFO]: <Slohth> 6:30am
[07:58:21] [Async Chat Thread - #12/INFO]: <Creeprr> dang
[07:58:26] [Async Chat Thread - #12/INFO]: <Creeprr> I wope up at 7
[07:58:35] [Async Chat Thread - #12/INFO]: <Slohth> i dont have school today either
[07:58:38] [Async Chat Thread - #12/INFO]: <Slohth> :D
[07:58:38] [Async Chat Thread - #12/INFO]: <Creeprr> epic
[07:58:42] [Async Chat Thread - #12/INFO]: <Creeprr> I don't have work
[07:58:45] [Async Chat Thread - #12/INFO]: <Creeprr> but I gotta study today
[07:58:46] [Async Chat Thread - #12/INFO]: <Creeprr> 100%
[07:58:58] [Async Chat Thread - #12/INFO]: <Creeprr> I see the Morten hideout!! :D
[07:59:45] [Async Chat Thread - #12/INFO]: <Creeprr> AHH
[07:59:46] [Async Chat Thread - #12/INFO]: <Creeprr> MORTEN
[07:59:49] [Async Chat Thread - #12/INFO]: <Creeprr> He's alright
[07:59:55] [Async Chat Thread - #12/INFO]: <Slohth> of course he isa
[07:59:58] [Async Chat Thread - #12/INFO]: <Creeprr> I've missed you Morten
[08:00:37] [Async Chat Thread - #12/INFO]: <Slohth> ALRIGHT
[08:00:42] [Async Chat Thread - #12/INFO]: <Slohth> im back at our desert village
[08:00:45] [Async Chat Thread - #12/INFO]: <Creeprr> EPIC
[08:00:48] [Async Chat Thread - #12/INFO]: <Creeprr> I'll be there in a 1min
[08:00:50] [Async Chat Thread - #12/INFO]: <Creeprr> riding Morten back
[08:00:55] [Async Chat Thread - #12/INFO]: <Slohth> i need to kill a bunch of creepers
[08:00:57] [Async Chat Thread - #12/INFO]: <Slohth> refill my rockets
[08:01:02] [Async Chat Thread - #12/INFO]: <Creeprr> smart
[08:01:27] [Async Chat Thread - #12/INFO]: <Slohth> this whole time ive had hostile mobs sounds off
[08:01:32] [Server thread/INFO]: Villager EntityVillager['Villager'/108587, uuid='c5088ccd-64a3-440a-807c-64d6f12b1a79', l='ServerLevel[world]', x=-6109.67, y=67.00, z=-301.55, cpos=[-382, -19], tl=4186, v=true] died, message: 'Villager was slain by Zombie'
[08:01:33] [Async Chat Thread - #12/INFO]: <Slohth> i was wondering how i kept getting hit
[08:01:45] [Async Chat Thread - #12/INFO]: <Creeprr> ooof
[08:01:59] [Async Chat Thread - #12/INFO]: <Creeprr> daytime thank god
[08:02:36] [Async Chat Thread - #12/INFO]: <Slohth> alright well
[08:02:40] [Async Chat Thread - #12/INFO]: <Slohth> guess ill have to wait for creepers
[08:02:45] [Async Chat Thread - #12/INFO]: <Creeprr> Ooof
[08:02:47] [Async Chat Thread - #12/INFO]: <Creeprr> I have a few pieces
[08:02:52] [Async Chat Thread - #12/INFO]: <Creeprr> If you have an enderchest I have more
[08:03:02] [Async Chat Thread - #12/INFO]: <Slohth> nah i think ill be good
[08:03:07] [Async Chat Thread - #12/INFO]: <Slohth> 36 rockets for 5k blocks
[08:03:24] [Async Chat Thread - #12/INFO]: <Creeprr> should be enough
[08:03:26] [Async Chat Thread - #12/INFO]: <Creeprr> 5k only?
[08:03:48] [Async Chat Thread - #12/INFO]: <Creeprr> yeehaw
[08:03:49] [Async Chat Thread - #12/INFO]: <Creeprr> im back
[08:03:56] [Async Chat Thread - #12/INFO]: <Slohth> where
[08:04:10] [Async Chat Thread - #12/INFO]: <Slohth> oh :D
[08:04:13] [Async Chat Thread - #12/INFO]: <Creeprr> Hi ;D
[08:04:24] [Async Chat Thread - #12/INFO]: <Slohth> alright
[08:04:28] [Async Chat Thread - #12/INFO]: <Slohth> im gonna use their gp fam
[08:04:37] [Async Chat Thread - #12/INFO]: <Creeprr> aight
[08:04:42] [Async Chat Thread - #12/INFO]: <Creeprr> I'm gonna bring Morten through the nether
[08:04:44] [Async Chat Thread - #12/INFO]: <Creeprr> for his second time
[08:04:49] [Async Chat Thread - #12/INFO]: <Slohth> good luck
[08:04:51] [Async Chat Thread - #12/INFO]: <Creeprr> thx
[08:04:55] [Async Chat Thread - #12/INFO]: <Slohth> try to get in the ceiling
[08:05:02] [Async Chat Thread - #12/INFO]: <Creeprr> yeh we will
[08:05:07] [Async Chat Thread - #12/INFO]: <Slohth> i think rg fucked the portal link
[08:05:12] [Async Chat Thread - #12/INFO]: <Slohth> but im not sure
[08:05:21] [Async Chat Thread - #12/INFO]: <Slohth> i took a portal through the ceiling and got back so
[08:05:32] [Async Chat Thread - #12/INFO]: <Creeprr> yeah
[08:05:49] [Async Chat Thread - #12/INFO]: <Creeprr> omg
[08:05:53] [Async Chat Thread - #12/INFO]: <Creeprr> yeah
[08:05:55] [Async Chat Thread - #12/INFO]: <Creeprr> it got fucked
[08:06:01] [Async Chat Thread - #12/INFO]: <Slohth> bollocks
[08:06:02] [Async Chat Thread - #12/INFO]: <Creeprr> Morten suffocated
[08:06:06] [Async Chat Thread - #12/INFO]: <Slohth> D:
[08:06:10] [Async Chat Thread - #12/INFO]: <Creeprr> He lost 5 hearts
[08:06:11] [Async Chat Thread - #12/INFO]: <Creeprr> :II
[08:06:23] [Async Chat Thread - #12/INFO]: <Creeprr> Didn't bring a stack of hay for nothing
[08:06:28] [Async Chat Thread - #12/INFO]: <Slohth> good man
[08:06:43] [Async Chat Thread - #12/INFO]: <Creeprr> welp
[08:06:46] [Async Chat Thread - #12/INFO]: <Creeprr> I gotta fix that
[08:06:54] [Async Chat Thread - #12/INFO]: <Creeprr> I can't get Morten to the roof without a portal
[08:07:02] [Async Chat Thread - #12/INFO]: <Slohth> break the normal one in nether
[08:07:06] [Async Chat Thread - #12/INFO]: <Slohth> go through ceiling
[08:07:08] [Async Chat Thread - #12/INFO]: <Slohth> break one in overworld
[08:07:13] [Async Chat Thread - #12/INFO]: <Slohth> then get back to ceiling and go through
[08:07:13] [Async Chat Thread - #12/INFO]: <Creeprr> yeah
[08:07:17] [Async Chat Thread - #12/INFO]: <Slohth> should generate a new one
[08:08:41] [Async Chat Thread - #13/INFO]: <Creeprr> there we go
[08:09:18] [Server thread/WARN]: Donkey (vehicle of Creeprr) moved wrongly! 1.1982421875
[08:09:22] [Async Chat Thread - #13/INFO]: <Creeprr> It worked
[08:09:27] [Async Chat Thread - #13/INFO]: <Creeprr> Morten and I are officially on the nether roof
[08:10:17] [Server thread/INFO]: Villager EntityVillager['Villager'/119832, uuid='2395610e-f235-4831-a733-47eeaf21d4c8', l='ServerLevel[world]', x=-599.82, y=42.00, z=-1498.96, cpos=[-38, -94], tl=1890253, v=true] died, message: 'Villager was slain by Slohth'
[08:10:17] [Server thread/INFO]: Villager EntityVillager['Villager'/119830, uuid='5683b0b9-f0c9-4c3a-8c44-ec32e1f835b8', l='ServerLevel[world]', x=-599.85, y=42.00, z=-1500.64, cpos=[-38, -94], tl=3704003, v=true] died, message: 'Villager was slain by Slohth'
[08:10:19] [Server thread/INFO]: Villager EntityVillager['Villager'/119831, uuid='4e6093bc-7c88-4942-8f19-154cc80d72e4', l='ServerLevel[world]', x=-600.17, y=42.00, z=-1498.63, cpos=[-38, -94], tl=3139836, v=true] died, message: 'Villager was slain by Slohth'
[08:10:27] [Server thread/INFO]: Villager EntityVillager['Fletcher'/119766, uuid='446c2249-d57b-420a-9749-b95a895b1625', l='ServerLevel[world]', x=-612.70, y=42.00, z=-1504.30, cpos=[-39, -95], tl=4356748, v=true] died, message: 'Fletcher was slain by Slohth'
[08:10:29] [Server thread/INFO]: Villager EntityVillager['Fletcher'/119765, uuid='1c7c4bba-1223-4c2e-90d1-455f1a37d921', l='ServerLevel[world]', x=-612.70, y=42.00, z=-1506.70, cpos=[-39, -95], tl=3232525, v=true] died, message: 'Fletcher was slain by Slohth'
[08:10:31] [Server thread/INFO]: Villager EntityVillager['Librarian'/119764, uuid='8be533bb-bedf-47ac-9ba8-94b900fd6965', l='ServerLevel[world]', x=-612.70, y=42.00, z=-1508.56, cpos=[-39, -95], tl=4268814, v=true] died, message: 'Librarian was slain by Slohth'
[08:10:33] [Server thread/INFO]: Villager EntityVillager['Librarian'/119767, uuid='35fc279b-5319-4406-a99f-1cb066214924', l='ServerLevel[world]', x=-612.70, y=42.00, z=-1510.53, cpos=[-39, -95], tl=3763748, v=true] died, message: 'Librarian was slain by Slohth'
[08:10:35] [Server thread/INFO]: Villager EntityVillager['Librarian'/119768, uuid='74189634-79f5-4a1c-8f59-f1202af86fba', l='ServerLevel[world]', x=-612.70, y=42.00, z=-1512.42, cpos=[-39, -95], tl=1968128, v=true] died, message: 'Librarian was slain by Slohth'
[08:10:44] [Async Chat Thread - #14/INFO]: <Creeprr> gonna be a long ride lmao
[08:10:54] [Async Chat Thread - #14/INFO]: <Creeprr> atleast I don't have to do anything
[08:16:26] [Async Chat Thread - #15/INFO]: <Slohth> alright well
[08:16:32] [Async Chat Thread - #15/INFO]: <Slohth> all the stuff in their massive tower
[08:16:42] [Async Chat Thread - #15/INFO]: <Slohth> the farm, the portal, the brewing thing, the smelter
[08:16:47] [Async Chat Thread - #15/INFO]: <Slohth> all history now
[08:16:57] [Async Chat Thread - #15/INFO]: <Creeprr> lmao wat
[08:17:08] [Async Chat Thread - #15/INFO]: <Creeprr> you blew it up?
[08:17:19] [Async Chat Thread - #15/INFO]: <Slohth> why would i do that
[08:17:42] [Async Chat Thread - #15/INFO]: <Creeprr> idk you said itw as history
[08:36:49] [Async Chat Thread - #16/INFO]: <Creeprr> BOOM
[08:36:51] [Async Chat Thread - #16/INFO]: <Creeprr> Im there!
[08:37:08] [Async Chat Thread - #16/INFO]: <Creeprr> big moment in Morten history
[08:37:47] [Async Chat Thread - #16/INFO]: <Slohth> im removing the light sources in their gp farm
[08:37:52] [Async Chat Thread - #16/INFO]: <Slohth> so normal mobs infest it
[08:37:58] [Async Chat Thread - #16/INFO]: <Creeprr> Wait hold on
[08:38:05] [Async Chat Thread - #16/INFO]: <Creeprr> It was disabled yesterday
[08:38:13] [Async Chat Thread - #16/INFO]: <Creeprr> The clock was turned off
[08:38:20] [Server thread/WARN]: Creeprr was kicked for floating too long!
[08:38:20] [Server thread/INFO]: Creeprr lost connection: Flying is not enabled on this server
[08:38:20] [Server thread/INFO]: Creeprr left the game
[08:38:23] [User Authenticator #20/INFO]: UUID of player Creeprr is 986cf6da-99f9-4df0-9f1d-69e47307cedc
[08:38:23] [Server thread/INFO]: Creeprr joined the game
[08:38:23] [Server thread/INFO]: Creeprr[/87.57.101.74:59460] logged in with entity id 147999 at ([world_nether]-7144.180832535695, 129.4465999984741, 7924.864900907343)
[08:39:12] [Async Chat Thread - #16/INFO]: <Creeprr> dafuq
[08:39:16] [Async Chat Thread - #16/INFO]: <Creeprr> I can't pass Morten through the portal
[08:39:21] [Async Chat Thread - #16/INFO]: <Creeprr> He won't teleport?!?!
[08:39:25] [Async Chat Thread - #16/INFO]: <Slohth> huh
[08:40:14] [Async Chat Thread - #16/INFO]: <Creeprr> there
[08:40:19] [Async Chat Thread - #16/INFO]: <Slohth> phew
[08:40:26] [Async Chat Thread - #16/INFO]: <Creeprr> Your new home Morten! :D
[08:40:33] [Async Chat Thread - #16/INFO]: <Slohth> a better home
[08:40:37] [Async Chat Thread - #16/INFO]: <Creeprr> Indeed
[08:40:48] [Async Chat Thread - #16/INFO]: <Slohth> one away from prying eyes
[08:42:09] [Async Chat Thread - #17/INFO]: <Slohth> finding us will be their priority probably
[08:42:14] [Async Chat Thread - #17/INFO]: <Creeprr> Lmao they won't
[08:42:18] [Async Chat Thread - #17/INFO]: <Creeprr> Atleast not by search
[08:47:05] [Async Chat Thread - #18/INFO]: <Slohth> i would love to say i feel bad but i dont
[08:47:12] [Async Chat Thread - #18/INFO]: <Creeprr> lol
[09:00:16] [Async Chat Thread - #19/INFO]: <Slohth> alright im almost done at theirs
[09:00:20] [Async Chat Thread - #19/INFO]: <Creeprr> epic
[09:03:06] [Async Chat Thread - #20/INFO]: <Slohth> alrighty
[09:03:08] [Async Chat Thread - #20/INFO]: <Slohth> im alive and well
[09:03:10] [Async Chat Thread - #20/INFO]: <Slohth> and home
[09:03:13] [Async Chat Thread - #20/INFO]: <Creeprr> You're home?
[09:03:31] [Async Chat Thread - #20/INFO]: <Slohth> yes i took a brief shortcut through the end
[09:03:35] [Async Chat Thread - #20/INFO]: <Creeprr> oh ofcourse
[09:03:36] [Async Chat Thread - #20/INFO]: <Slohth> and also did some damage to the enderman farm
[09:03:38] [Async Chat Thread - #20/INFO]: <Creeprr> I gotta set my spawnpoint
[09:03:41] [Async Chat Thread - #20/INFO]: <Slohth> still functional, but only an annoyance
[09:03:47] [Async Chat Thread - #20/INFO]: <Creeprr> did you kill the endermite?
[09:03:56] [Async Chat Thread - #20/INFO]: <Slohth> there was an endermite?
[09:04:03] [Async Chat Thread - #20/INFO]: <Creeprr> isn't that how they drop?
[09:04:11] [Async Chat Thread - #20/INFO]: <Creeprr> Where's the bed?
[09:04:21] [Async Chat Thread - #20/INFO]: <Slohth> any house in the village will do
[09:04:25] [Async Chat Thread - #20/INFO]: <Creeprr> oh
[09:04:33] [Async Chat Thread - #20/INFO]: <Slohth> also endermites only have a chance of spawning when you enderpearl
[09:04:35] [Async Chat Thread - #20/INFO]: <Creeprr> I didn't realise we lived there
[09:05:00] [Async Chat Thread - #20/INFO]: <Creeprr> Yeah I'm aware
[09:05:03] [Async Chat Thread - #20/INFO]: <Creeprr> but endermen attack them
[09:05:09] [Async Chat Thread - #20/INFO]: <Creeprr> so you usually spawn one at the top of the enderman farm
[09:05:18] [Async Chat Thread - #20/INFO]: <Creeprr> to make the endermen follow it and fall
[09:05:26] [Async Chat Thread - #20/INFO]: <Slohth> o
[09:05:38] [Async Chat Thread - #20/INFO]: <Slohth> no i didnt kill that
[09:05:44] [Async Chat Thread - #20/INFO]: <Creeprr> alright
[09:05:45] [Async Chat Thread - #20/INFO]: <Slohth> i just broke all the chests
[09:05:48] [Async Chat Thread - #20/INFO]: <Slohth> the enchantment table
[09:05:49] [Async Chat Thread - #20/INFO]: <Creeprr> oh lol
[09:06:02] [Async Chat Thread - #20/INFO]: <Slohth> but yea
[09:06:07] [Async Chat Thread - #20/INFO]: <Slohth> we dont live *in* the village
[09:06:12] [Async Chat Thread - #20/INFO]: <Slohth> we live like 100 blocks away
[09:06:15] [Async Chat Thread - #20/INFO]: <Slohth> so next to it basically
[09:06:21] [Async Chat Thread - #20/INFO]: <Creeprr> Yeah I found it
[09:07:12] [Async Chat Thread - #20/INFO]: <Slohth> 64 hoppers and 3 stacks of coal blocks
[09:07:18] [Async Chat Thread - #20/INFO]: <Creeprr> dang
[09:07:27] [Async Chat Thread - #20/INFO]: <Slohth> there were tons more
[09:07:32] [Async Chat Thread - #20/INFO]: <Slohth> but i was preoccupied
[09:07:37] [Async Chat Thread - #20/INFO]: <Slohth> glad he's safe :D
[09:07:40] [Async Chat Thread - #20/INFO]: <Creeprr> :D
[09:07:42] [Async Chat Thread - #20/INFO]: <Slohth> a much bigger pen this time
[09:07:45] [Async Chat Thread - #20/INFO]: <Creeprr> yeah
[09:09:35] [Async Chat Thread - #21/INFO]: <Slohth> well
[09:09:40] [Async Chat Thread - #21/INFO]: <Slohth> now i have no reason to ever go back there
[09:09:42] [Async Chat Thread - #21/INFO]: <Slohth> i can settle
[09:09:47] [Async Chat Thread - #21/INFO]: <Creeprr> <3
[09:09:48] [Async Chat Thread - #21/INFO]: <Creeprr> Lovely
[09:10:17] [Async Chat Thread - #21/INFO]: <Creeprr> I kinda had a feeling it would end this way
[09:10:22] [Async Chat Thread - #21/INFO]: <Slohth> well
[09:10:25] [Async Chat Thread - #21/INFO]: <Creeprr> When they verbally attacked us
[09:10:28] [Async Chat Thread - #21/INFO]: <Slohth> we all know they started it
[09:10:30] [Async Chat Thread - #21/INFO]: <Creeprr> After they hanged Morten
[09:10:41] [Async Chat Thread - #21/INFO]: <Creeprr> You should've put a sign saying "cope"
[09:10:42] [Async Chat Thread - #21/INFO]: <Creeprr> lma
[09:10:43] [Async Chat Thread - #21/INFO]: <Creeprr> o
[09:10:52] [Async Chat Thread - #21/INFO]: <Slohth> there was an afk pool above the gp farm
[09:10:59] [Async Chat Thread - #21/INFO]: <Slohth> i replaced it with a sign spamming "MORTEN"
[09:11:04] [Async Chat Thread - #21/INFO]: <Creeprr> lol
[09:11:10] [Async Chat Thread - #21/INFO]: <Creeprr> You should've brought some Morten banners
[09:11:16] [Async Chat Thread - #21/INFO]: <Slohth> yes i shouldve
[09:11:22] [Async Chat Thread - #21/INFO]: <Creeprr> which reminds me, I need a new wool farm so we can keep a steady supply
[09:13:31] [Async Chat Thread - #22/INFO]: <Slohth> ye
[09:13:35] [Async Chat Thread - #22/INFO]: <Slohth> we have lots of work to do
[09:13:36] [Async Chat Thread - #22/INFO]: <Slohth> again
[09:13:38] [Async Chat Thread - #22/INFO]: <Creeprr> Yeah
[09:13:42] [Async Chat Thread - #22/INFO]: <Creeprr> But atleast we have peace <3
[09:14:01] [Async Chat Thread - #22/INFO]: <Slohth> 85k blocks should be a long enough barrier
[09:14:06] [Async Chat Thread - #22/INFO]: <Creeprr> lmao true
[09:15:25] [Async Chat Thread - #23/INFO]: <Slohth> oh there is a portal right here
[09:15:28] [Async Chat Thread - #23/INFO]: <Slohth> where does this go
[09:15:38] [Async Chat Thread - #23/INFO]: <Creeprr> nether roof
[09:15:41] [Async Chat Thread - #23/INFO]: <Slohth> oh nice
[09:15:41] [Async Chat Thread - #23/INFO]: <Creeprr> That is how I got Morten up
[09:15:51] [Async Chat Thread - #23/INFO]: <Creeprr> sleep?
[09:16:09] [Async Chat Thread - #23/INFO]: <Slohth> i should really take a bed and move it close
[09:16:16] [Async Chat Thread - #23/INFO]: <Creeprr> here
[09:16:24] [Async Chat Thread - #23/INFO]: <Creeprr> I got
[09:16:42] [Async Chat Thread - #23/INFO]: <Creeprr> That's better
[09:16:46] [Async Chat Thread - #23/INFO]: <Creeprr> Dang this place is beautiful
[09:16:54] [Async Chat Thread - #23/INFO]: <Slohth> oh yeah look at the mountains
[09:16:58] [Async Chat Thread - #23/INFO]: <Creeprr> ikr
[09:17:14] [Async Chat Thread - #23/INFO]: <Slohth> the caves are massive
[09:17:17] [Async Chat Thread - #23/INFO]: <Creeprr> ikr
[09:17:19] [Async Chat Thread - #23/INFO]: <Slohth> tip: dont fly through them
[09:17:22] [Async Chat Thread - #23/INFO]: <Slohth> i almost died doing that
[09:17:33] [Async Chat Thread - #23/INFO]: <Creeprr> lmao yeah it's dangerous
[09:18:12] [Async Chat Thread - #23/INFO]: <Slohth> does morten have a nametag
[09:18:16] [Async Chat Thread - #23/INFO]: <Creeprr> nope
[09:18:20] [Async Chat Thread - #23/INFO]: <Creeprr> he really needs one after all this lmao
[09:18:28] [Async Chat Thread - #23/INFO]: <Slohth> exactly what i was thinking
[09:22:03] [Async Chat Thread - #24/INFO]: <Slohth> hmm
[09:22:12] [Async Chat Thread - #24/INFO]: <Slohth> anyway
[09:22:18] [Async Chat Thread - #24/INFO]: <Slohth> im not sure if you know what the plan for the base is
[09:22:23] [Async Chat Thread - #24/INFO]: <Creeprr> hobbit holes?
[09:22:27] [Async Chat Thread - #24/INFO]: <Slohth> yes basically
[09:22:30] [Async Chat Thread - #24/INFO]: <Slohth> all across this cliff
[09:22:41] [Async Chat Thread - #24/INFO]: <Creeprr> so epic
[09:22:49] [Async Chat Thread - #24/INFO]: <Slohth> im not sure where to have mine
[09:22:53] [Async Chat Thread - #24/INFO]: <Slohth> this is the communal area i think
[09:22:55] [Async Chat Thread - #24/INFO]: <Creeprr> me neither
[09:22:58] [Async Chat Thread - #24/INFO]: <Creeprr> I see
[09:23:12] [Async Chat Thread - #24/INFO]: <Slohth> i want mine sort of high up
[09:23:15] [Async Chat Thread - #24/INFO]: <Slohth> in the mountains
[09:23:21] [Async Chat Thread - #24/INFO]: <Creeprr> Not a bad idea
[09:24:09] [Async Chat Thread - #24/INFO]: <Slohth> i think here
[09:24:16] [Async Chat Thread - #24/INFO]: <Slohth> i could have a nice garden with a waterfall down the mountain
[09:24:19] [Async Chat Thread - #24/INFO]: <Slohth> and a pond
[09:24:27] [Async Chat Thread - #24/INFO]: <Creeprr> damn that would look epic
[09:25:39] [Async Chat Thread - #25/INFO]: <Creeprr> Finished the history of Morten
[09:26:05] [Async Chat Thread - #25/INFO]: <Slohth> ive just made a realisation
[09:26:14] [Async Chat Thread - #25/INFO]: <Slohth> could we be considered a cult...
[09:26:22] [Async Chat Thread - #25/INFO]: <Creeprr> :O
[09:26:32] [Async Chat Thread - #25/INFO]: <Creeprr> do you also glitch on top of the lectern btw?
[09:26:47] [Async Chat Thread - #25/INFO]: <Slohth> that
[09:26:48] [Async Chat Thread - #25/INFO]: <Slohth> is strange
[09:27:01] [Async Chat Thread - #25/INFO]: <Slohth> spooky
[09:28:04] [Async Chat Thread - #26/INFO]: <Slohth> uh oh
[09:28:04] [Async Chat Thread - #26/INFO]: <Creeprr> OOOF
[09:28:22] [Async Chat Thread - #26/INFO]: <Slohth> sleeping may be a good idea
[09:28:24] [Async Chat Thread - #26/INFO]: <Creeprr> true
[09:28:26] [Async Chat Thread - #26/INFO]: <Creeprr> zZZzzZZZZ
[09:28:29] [Async Chat Thread - #26/INFO]: <Slohth> zzzzzzzzzzzzzzzzzzz
[09:28:30] [Async Chat Thread - #26/INFO]: <Slohth> oh
[09:28:32] [Async Chat Thread - #26/INFO]: <Slohth> it was morning
[09:28:42] [Async Chat Thread - #26/INFO]: <Slohth> wait
[09:28:44] [Async Chat Thread - #26/INFO]: <Creeprr> WE SLEPT THROUGH THE DAY??!
[09:28:47] [Async Chat Thread - #26/INFO]: <Slohth> there's no optifine for lunar
[09:28:48] [Async Chat Thread - #26/INFO]: <Slohth> :(
[09:28:51] [Async Chat Thread - #26/INFO]: <Creeprr> :(
[09:29:35] [Async Chat Thread - #26/INFO]: <Creeprr> Hmm
[09:29:39] [Async Chat Thread - #26/INFO]: <Creeprr> I really wanna get started on my home
[09:29:41] [Async Chat Thread - #26/INFO]: <Creeprr> but I also gotta study
[09:29:44] [Async Chat Thread - #26/INFO]: <Creeprr> O_o
[09:29:49] [Async Chat Thread - #26/INFO]: <Slohth> i had my last exam yesterday
[09:29:50] [Async Chat Thread - #26/INFO]: <Slohth> maths
[09:29:57] [Async Chat Thread - #26/INFO]: <Creeprr> I have one tomorrow
[09:29:59] [Async Chat Thread - #26/INFO]: <Creeprr> Chemistry
[09:30:03] [Async Chat Thread - #26/INFO]: <Slohth> oh gosh
[09:30:05] [Async Chat Thread - #26/INFO]: <Slohth> chemistry is rough
[09:30:08] [Async Chat Thread - #26/INFO]: <Creeprr> ikr
[09:30:18] [Async Chat Thread - #26/INFO]: <Creeprr> I feel like it's legit harder than physics and math
[09:30:23] [Async Chat Thread - #26/INFO]: <Creeprr> Not just for me
[09:30:24] [Async Chat Thread - #26/INFO]: <Creeprr> but like
[09:30:27] [Async Chat Thread - #26/INFO]: <Creeprr> for everyone
[09:30:30] [Async Chat Thread - #26/INFO]: <Creeprr> Like the level is higher
[09:30:43] [Async Chat Thread - #26/INFO]: <Slohth> i do physics not chemistry
[09:31:02] [Async Chat Thread - #26/INFO]: <Slohth> omh
[09:31:07] [Async Chat Thread - #26/INFO]: <Slohth> eff 5 netherite with haste 2
[09:31:10] [Async Chat Thread - #26/INFO]: <Slohth> literally instamine
[09:31:19] [Async Chat Thread - #26/INFO]: <Creeprr> lmao yeah
[09:32:06] [Async Chat Thread - #26/INFO]: <Creeprr> smh yeah
[09:32:08] [Async Chat Thread - #26/INFO]: <Creeprr> I gotta study :(
[09:32:11] [Async Chat Thread - #26/INFO]: <Creeprr> cya <3
[09:32:18] [Server thread/INFO]: Creeprr lost connection: Disconnected
[09:32:18] [Server thread/INFO]: Creeprr left the game
[10:11:59] [Server thread/INFO]: Slohth lost connection: Disconnected
[10:11:59] [Server thread/INFO]: Slohth left the game
[14:47:48] [User Authenticator #21/INFO]: UUID of player littleclav is 8415d163-886d-4d2c-81e4-30bbe9406ea0
[14:47:48] [Server thread/INFO]: littleclav joined the game
[14:47:48] [Server thread/INFO]: littleclav[/188.95.144.199:58064] logged in with entity id 178378 at ([world]-737.2232419688578, 47.0, -1477.2173609566426)
[14:50:08] [Server thread/INFO]: littleclav lost connection: Disconnected
[14:50:08] [Server thread/INFO]: littleclav left the game
[15:30:36] [User Authenticator #22/INFO]: UUID of player Slohth is 61a17967-0f69-458b-b723-b991229df329
[15:30:36] [Server thread/INFO]: Slohth joined the game
[15:30:36] [Server thread/INFO]: Slohth[/79.73.208.107:52781] logged in with entity id 179088 at ([world]-57145.09237116455, 95.0, 63391.10142284111)
[15:47:41] [Server thread/INFO]: Slohth lost connection: Disconnected
[15:47:41] [Server thread/INFO]: Slohth left the game
[16:34:23] [User Authenticator #23/INFO]: UUID of player littleclav is 8415d163-886d-4d2c-81e4-30bbe9406ea0
[16:34:23] [Server thread/INFO]: littleclav joined the game
[16:34:23] [Server thread/INFO]: littleclav[/188.95.144.199:58058] logged in with entity id 190137 at ([world]-735.6549543645575, 47.0, -1480.4732756994006)
[16:34:31] [Server thread/INFO]: littleclav lost connection: Disconnected
[16:34:31] [Server thread/INFO]: littleclav left the game
[17:35:21] [Craft Scheduler Thread - 1177 - spark/INFO]: [?] TPS from last 5s, 10s, 1m, 5m, 15m:
[17:35:21] [Craft Scheduler Thread - 1177 - spark/INFO]: [?]  20.0, 20.0, 20.0, 20.0, 20.0
[17:35:21] [Craft Scheduler Thread - 1177 - spark/INFO]: [?] 
[17:35:21] [Craft Scheduler Thread - 1177 - spark/INFO]: [?] Tick durations (min/med/95%ile/max ms) from last 10s, 1m:
[17:35:21] [Craft Scheduler Thread - 1177 - spark/INFO]: [?]  1.3/1.9/2.1/4.1;  1.3/1.9/2.2/5.2
[17:35:21] [Craft Scheduler Thread - 1177 - spark/INFO]: [?] 
[17:35:21] [Craft Scheduler Thread - 1177 - spark/INFO]: [?] CPU usage from last 10s, 1m, 15m:
[17:35:21] [Craft Scheduler Thread - 1177 - spark/INFO]: [?]  2%, 1%, 1%  (system)
[17:35:21] [Craft Scheduler Thread - 1177 - spark/INFO]: [?]  1%, 1%, 1%  (process)
[17:35:24] [Server thread/INFO]: There are 0 of a max of 20 players online: 
[17:35:26] [Server thread/INFO]: Checking version, please wait...
[17:35:26] [Thread-361/INFO]: This server is running Pufferfish version git-Pufferfish-7 (MC: 1.18) (Implementing API version 1.18-R0.1-SNAPSHOT) (Git: 2513866 on HEAD)
You are running 2 versions beyond. Please update your server when possible to maintain stability, security, and receive the latest optimizations.
Previous version: git-Paper-48 (MC: 1.18)
[19:53:23] [User Authenticator #24/INFO]: UUID of player littleclav is 8415d163-886d-4d2c-81e4-30bbe9406ea0
[19:53:23] [Server thread/INFO]: littleclav joined the game
[19:53:23] [Server thread/INFO]: littleclav[/188.95.144.199:42602] logged in with entity id 190475 at ([world]-735.6549543645575, 47.0, -1480.4732756994006)
[19:54:08] [Server thread/INFO]: littleclav lost connection: Disconnected
[19:54:08] [Server thread/INFO]: littleclav left the game
[20:45:42] [User Authenticator #25/INFO]: UUID of player Devous is a008c892-e7e1-48e1-8235-8aa389318b7a
[20:45:42] [Server thread/INFO]: Devous joined the game
[20:45:42] [Server thread/INFO]: Devous[/31.185.244.100:51001] logged in with entity id 190862 at ([world]-734.1843316600537, 47.0, -1475.300000011921)
[20:46:27] [Server thread/INFO]: Devous lost connection: Disconnected
[20:46:27] [Server thread/INFO]: Devous left the game
